  Using 'git status' to determine working set for adaptive non-unity build (C:\Users\TFG5076XG\Documents\GitHub\Wooga).
  Deleted hot-reload file: C:\Users\TFG5076XG\Documents\GitHub\Wooga\Wooga\Binaries\Win64\UE4Editor-Wooga-0001.dll
  Deleted hot-reload file: C:\Users\TFG5076XG\Documents\GitHub\Wooga\Wooga\Binaries\Win64\UE4Editor-Wooga-0003.dll
  Deleted hot-reload file: C:\Users\TFG5076XG\Documents\GitHub\Wooga\Wooga\Intermediate\Build\Win64\UE4Editor\Development\Wooga\UE4Editor-Wooga-0001.lib
  Deleted hot-reload file: C:\Users\TFG5076XG\Documents\GitHub\Wooga\Wooga\Intermediate\Build\Win64\UE4Editor\Development\Wooga\UE4Editor-Wooga-0003.lib
  Building WoogaEditor...
  Using Visual Studio 2019 14.29.30133 toolchain (C:\Program Files (x86)\Microsoft Visual Studio\2019\Community\VC\Tools\MSVC\14.29.30133) and Windows 10.0.19041.0 SDK (C:\Program Files (x86)\Windows Kits\10).
  Distributing 4 actions to XGE
  --------------------Build System Warning---------------------------------------
  License is invalid:
      License information is invalid. Please try reloading your license file using the Coordinator Monitor application on the Coordinator machine, or reinstall IncrediBuild.
      This build will run in standalone mode.
  
  -------------------------------------------------------------------------------
  --------------------Project: Default-------------------------------------------
  Module.Wooga.cpp (0:11.18 at +0:00)
  UE4Editor-Wooga.dll (0:00.67 at +0:11)
     C:\Users\TFG5076XG\Documents\GitHub\Wooga\Wooga\Intermediate\Build\Win64\UE4Editor\Development\Wooga\UE4Editor-Wooga.suppressed.lib 라이브러리 및 C:\Users\TFG5076XG\Documents\GitHub\Wooga\Wooga\Intermediate\Build\Win64\UE4Editor\Development\Wooga\UE4Editor-Wooga.suppressed.exp 개체를 생성하고 있습니다.
  UE4Editor-Wooga.lib (0:00.10 at +0:11)
     C:\Users\TFG5076XG\Documents\GitHub\Wooga\Wooga\Intermediate\Build\Win64\UE4Editor\Development\Wooga\UE4Editor-Wooga.lib 라이브러리 및 C:\Users\TFG5076XG\Documents\GitHub\Wooga\Wooga\Intermediate\Build\Win64\UE4Editor\Development\Wooga\UE4Editor-Wooga.exp 개체를 생성하고 있습니다.
  WoogaEditor.target (0:00.17 at +0:12)
  ---------------------- Done ----------------------
  
      Rebuild All: 1 succeeded, 0 failed, 0 skipped
  
  1 build system warning(s):
     - License is invalid
  
  Total time in XGE executor: 12.29 seconds
  Total execution time: 12.85 seconds
